<?xml version="1.0" encoding="UTF-8"?>
<testng-results ignored="0" total="1" passed="1" failed="0" skipped="0">
  <reporter-output>
  </reporter-output>
  <suite started-at="2023-12-13T07:29:37 PST" name="Default suite" finished-at="2023-12-13T07:30:22 PST" duration-ms="45087">
    <groups>
    </groups>
    <test started-at="2023-12-13T07:29:37 PST" name="Default test" finished-at="2023-12-13T07:30:22 PST" duration-ms="45087">
      <class name="org.mobileAutomation.AppiumAutomation.eCommerce_tc_4">
        <test-method is-config="true" signature="ConfigureAppium()[pri:0, instance:org.mobileAutomation.AppiumAutomation.eCommerce_tc_4@1e1a0406]" started-at="2023-12-13T07:29:37 PST" name="ConfigureAppium" finished-at="2023-12-13T07:29:42 PST" duration-ms="5405" status="PASS">
          <reporter-output>
          </reporter-output>
        </test-method> <!-- ConfigureAppium -->
        <test-method signature="SwitchingHybrid()[pri:0, instance:org.mobileAutomation.AppiumAutomation.eCommerce_tc_4@1e1a0406]" started-at="2023-12-13T07:29:42 PST" name="SwitchingHybrid" finished-at="2023-12-13T07:30:22 PST" duration-ms="39464" status="PASS">
          <reporter-output>
          </reporter-output>
        </test-method> <!-- SwitchingHybrid -->
        <test-method is-config="true" signature="tearDown()[pri:0, instance:org.mobileAutomation.AppiumAutomation.eCommerce_tc_4@1e1a0406]" started-at="2023-12-13T07:30:22 PST" name="tearDown" finished-at="2023-12-13T07:30:22 PST" duration-ms="187" status="PASS">
          <reporter-output>
          </reporter-output>
        </test-method> <!-- tearDown -->
      </class> <!-- org.mobileAutomation.AppiumAutomation.eCommerce_tc_4 -->
    </test> <!-- Default test -->
  </suite> <!-- Default suite -->
</testng-results>
